0 info it worked if it ends with ok
1 verbose cli [ 'C:\\Program Files\\nodejs\\\\node.exe',
1 verbose cli   'C:\\Program Files\\nodejs\\node_modules\\npm\\bin\\npm-cli.js',
1 verbose cli   'install',
1 verbose cli   'redis',
1 verbose cli   '==save' ]
2 info using npm@1.4.28
3 info using node@v0.10.35
4 verbose node symlink C:\Program Files\nodejs\\node.exe
5 warn package.json node-todo@0.0.0 No repository field.
6 verbose readDependencies using package.json deps
7 verbose cache add [ 'redis', null ]
8 verbose cache add name=undefined spec="redis" args=["redis",null]
9 verbose parsed url { protocol: null,
9 verbose parsed url   slashes: null,
9 verbose parsed url   auth: null,
9 verbose parsed url   host: null,
9 verbose parsed url   port: null,
9 verbose parsed url   hostname: null,
9 verbose parsed url   hash: null,
9 verbose parsed url   search: null,
9 verbose parsed url   query: null,
9 verbose parsed url   pathname: 'redis',
9 verbose parsed url   path: 'redis',
9 verbose parsed url   href: 'redis' }
10 verbose cache add [ '==save', null ]
11 verbose cache add name=undefined spec="==save" args=["==save",null]
12 verbose parsed url { protocol: null,
12 verbose parsed url   slashes: null,
12 verbose parsed url   auth: null,
12 verbose parsed url   host: null,
12 verbose parsed url   port: null,
12 verbose parsed url   hostname: null,
12 verbose parsed url   hash: null,
12 verbose parsed url   search: null,
12 verbose parsed url   query: null,
12 verbose parsed url   pathname: '==save',
12 verbose parsed url   path: '==save',
12 verbose parsed url   href: '==save' }
13 silly lockFile b840fc02-redis redis
14 verbose lock redis C:\Users\puneet\AppData\Roaming\npm-cache\b840fc02-redis.lock
15 silly lockFile f3c81799-save ==save
16 verbose lock ==save C:\Users\puneet\AppData\Roaming\npm-cache\f3c81799-save.lock
17 silly lockFile f3c81799-save ==save
18 silly lockFile f3c81799-save ==save
19 silly lockFile b840fc02-redis redis
20 silly lockFile b840fc02-redis redis
21 verbose addNamed [ '==save', '' ]
22 verbose addNamed [ null, '*' ]
23 silly lockFile dd084a72-save ==save@
24 verbose lock ==save@ C:\Users\puneet\AppData\Roaming\npm-cache\dd084a72-save.lock
25 verbose addNamed [ 'redis', '' ]
26 verbose addNamed [ null, '*' ]
27 silly lockFile fb3bbc27-redis redis@
28 verbose lock redis@ C:\Users\puneet\AppData\Roaming\npm-cache\fb3bbc27-redis.lock
29 silly addNameRange { name: '==save', range: '*', hasData: false }
30 verbose request where is /==save
31 verbose request registry https://registry.npmjs.org/
32 verbose request id 7b5a4c7594047ceb
33 verbose url raw /==save
34 verbose url resolving [ 'https://registry.npmjs.org/', './%3D%3Dsave' ]
35 verbose url resolved https://registry.npmjs.org/%3D%3Dsave
36 verbose request where is https://registry.npmjs.org/%3D%3Dsave
37 info trying registry request attempt 1 at 00:48:15
38 http GET https://registry.npmjs.org/%3D%3Dsave
39 silly addNameRange { name: 'redis', range: '*', hasData: false }
40 verbose request where is /redis
41 verbose request registry https://registry.npmjs.org/
42 verbose url raw /redis
43 verbose url resolving [ 'https://registry.npmjs.org/', './redis' ]
44 verbose url resolved https://registry.npmjs.org/redis
45 verbose request where is https://registry.npmjs.org/redis
46 info trying registry request attempt 1 at 00:48:15
47 verbose etag "5VSN3UXJ3KRXN3IHR95TGI86N"
48 http GET https://registry.npmjs.org/redis
49 http 404 https://registry.npmjs.org/%3D%3Dsave
50 silly registry.get cb [ 404,
50 silly registry.get   { 'content-type': 'application/json',
50 silly registry.get     'cache-control': 'max-age=0',
50 silly registry.get     'content-length': '66',
50 silly registry.get     'accept-ranges': 'bytes',
50 silly registry.get     date: 'Sun, 11 Oct 2015 19:18:16 GMT',
50 silly registry.get     via: '1.1 varnish',
50 silly registry.get     age: '0',
50 silly registry.get     connection: 'keep-alive',
50 silly registry.get     'x-served-by': 'cache-sin6921-SIN',
50 silly registry.get     'x-cache': 'MISS',
50 silly registry.get     'x-cache-hits': '0',
50 silly registry.get     'x-timer': 'S1444591096.036709,VS0,VE884' } ]
51 silly lockFile dd084a72-save ==save@
52 silly lockFile dd084a72-save ==save@
53 http 304 https://registry.npmjs.org/redis
54 silly registry.get cb [ 304,
54 silly registry.get   { date: 'Sun, 11 Oct 2015 19:18:16 GMT',
54 silly registry.get     via: '1.1 varnish',
54 silly registry.get     'cache-control': 'max-age=60',
54 silly registry.get     etag: '"5VSN3UXJ3KRXN3IHR95TGI86N"',
54 silly registry.get     age: '0',
54 silly registry.get     connection: 'keep-alive',
54 silly registry.get     'x-served-by': 'cache-sin6921-SIN',
54 silly registry.get     'x-cache': 'HIT',
54 silly registry.get     'x-cache-hits': '1',
54 silly registry.get     'x-timer': 'S1444591096.048562,VS0,VE995',
54 silly registry.get     vary: 'Accept' } ]
55 verbose etag https://registry.npmjs.org/redis from cache
56 silly addNameRange number 2 { name: 'redis', range: '*', hasData: true }
57 silly addNameRange versions [ 'redis',
57 silly addNameRange   [ '0.0.1',
57 silly addNameRange     '0.0.2',
57 silly addNameRange     '0.0.3',
57 silly addNameRange     '0.0.4',
57 silly addNameRange     '0.0.7',
57 silly addNameRange     '0.0.8',
57 silly addNameRange     '0.1.0',
57 silly addNameRange     '0.1.1',
57 silly addNameRange     '0.1.2',
57 silly addNameRange     '0.2.0',
57 silly addNameRange     '0.2.1',
57 silly addNameRange     '0.2.2',
57 silly addNameRange     '0.2.3',
57 silly addNameRange     '0.2.4',
57 silly addNameRange     '0.2.6',
57 silly addNameRange     '0.3.0',
57 silly addNameRange     '0.3.1',
57 silly addNameRange     '0.3.2',
57 silly addNameRange     '0.3.3',
57 silly addNameRange     '0.3.4',
57 silly addNameRange     '0.3.5',
57 silly addNameRange     '0.3.6',
57 silly addNameRange     '0.3.7',
57 silly addNameRange     '0.3.9',
57 silly addNameRange     '0.4.0',
57 silly addNameRange     '0.4.1',
57 silly addNameRange     '0.4.2',
57 silly addNameRange     '0.5.0',
57 silly addNameRange     '0.5.1',
57 silly addNameRange     '0.5.2',
57 silly addNameRange     '0.5.3',
57 silly addNameRange     '0.5.4',
57 silly addNameRange     '0.5.5',
57 silly addNameRange     '0.5.6',
57 silly addNameRange     '0.5.7',
57 silly addNameRange     '0.5.8',
57 silly addNameRange     '0.5.9',
57 silly addNameRange     '0.5.10',
57 silly addNameRange     '0.5.11',
57 silly addNameRange     '0.6.0',
57 silly addNameRange     '0.6.1',
57 silly addNameRange     '0.6.2',
57 silly addNameRange     '0.6.3',
57 silly addNameRange     '0.6.4',
57 silly addNameRange     '0.6.5',
57 silly addNameRange     '0.6.6',
57 silly addNameRange     '0.6.7',
57 silly addNameRange     '0.7.0',
57 silly addNameRange     '0.7.1',
57 silly addNameRange     '0.7.2',
57 silly addNameRange     '0.7.3',
57 silly addNameRange     '0.8.0',
57 silly addNameRange     '0.8.1',
57 silly addNameRange     '0.8.2',
57 silly addNameRange     '0.8.3',
57 silly addNameRange     '0.8.4',
57 silly addNameRange     '0.8.5',
57 silly addNameRange     '0.8.6',
57 silly addNameRange     '0.9.0',
57 silly addNameRange     '0.9.1',
57 silly addNameRange     '0.9.2',
57 silly addNameRange     '0.10.0',
57 silly addNameRange     '0.10.1',
57 silly addNameRange     '0.10.2',
57 silly addNameRange     '0.10.3',
57 silly addNameRange     '0.11.0',
57 silly addNameRange     '0.12.0',
57 silly addNameRange     '0.12.1',
57 silly addNameRange     '1.0.0',
57 silly addNameRange     '2.0.0',
57 silly addNameRange     '2.0.1',
57 silly addNameRange     '2.1.0' ] ]
58 verbose addNamed [ 'redis', '2.1.0' ]
59 verbose addNamed [ '2.1.0', '2.1.0' ]
60 silly lockFile 353023c7-redis-2-1-0 redis@2.1.0
61 verbose lock redis@2.1.0 C:\Users\puneet\AppData\Roaming\npm-cache\353023c7-redis-2-1-0.lock
62 silly lockFile 474e194a--npmjs-org-redis-redis-2-1-0-tgz https://registry.npmjs.org/redis/-/redis-2.1.0.tgz
63 verbose lock https://registry.npmjs.org/redis/-/redis-2.1.0.tgz C:\Users\puneet\AppData\Roaming\npm-cache\474e194a--npmjs-org-redis-redis-2-1-0-tgz.lock
64 verbose addRemoteTarball [ 'https://registry.npmjs.org/redis/-/redis-2.1.0.tgz',
64 verbose addRemoteTarball   '38acb208f90750250f9451219b73ff08ae907f94' ]
65 info retry fetch attempt 1 at 00:48:16
66 verbose fetch to= C:\Users\puneet\AppData\Local\Temp\npm-1180-Ze2L_xXE\registry.npmjs.org\redis\-\redis-2.1.0.tgz
67 http GET https://registry.npmjs.org/redis/-/redis-2.1.0.tgz
68 http 200 https://registry.npmjs.org/redis/-/redis-2.1.0.tgz
69 silly lockFile 474e194a--npmjs-org-redis-redis-2-1-0-tgz https://registry.npmjs.org/redis/-/redis-2.1.0.tgz
70 silly lockFile 474e194a--npmjs-org-redis-redis-2-1-0-tgz https://registry.npmjs.org/redis/-/redis-2.1.0.tgz
71 silly lockFile 353023c7-redis-2-1-0 redis@2.1.0
72 silly lockFile 353023c7-redis-2-1-0 redis@2.1.0
73 silly lockFile fb3bbc27-redis redis@
74 silly lockFile fb3bbc27-redis redis@
75 error 404 Not Found
75 error 404
75 error 404 '==save' is not in the npm registry.
75 error 404 You should bug the author to publish it
75 error 404 It was specified as a dependency of 'node-todo'
75 error 404
75 error 404 Note that you can also install from a
75 error 404 tarball, folder, or http url, or git url.
76 error System Windows_NT 6.2.9200
77 error command "C:\\Program Files\\nodejs\\\\node.exe" "C:\\Program Files\\nodejs\\node_modules\\npm\\bin\\npm-cli.js" "install" "redis" "==save"
78 error cwd D:\work\LicenseManagement
79 error node -v v0.10.35
80 error npm -v 1.4.28
81 error code E404
82 verbose exit [ 1, true ]
